2019-07-13 10:28:53 +0000  Initial pipeline context: <IDEDistributionProcessingPipelineContext: 0x7fe687ddb2e0; archive(resolved)='<IDEArchive: 0x7fe68b458e20>', distributionTask(resolved)='2', distributionDestination(resolved)='1', distributionMethod(resolved)='<IDEDistributionMethodAdHoc: 0x7fe671c6bd70>', team(resolved)='<IDEProvisioningDisambiguatableBasicTeam: 0x7fe6739769a0; teamID='3A8D29N838', teamName='Caspar Bruce', teamType='(null)', username='(null)', isFreeProvisioningTeam='0'>'>
	Chain (12, self inclusive):
	<IDEDistributionProcessingPipelineContext: 0x7fe687ddb2e0; archive = '<IDEArchive: 0x7fe68b458e20>', distributionMethod='<IDEDistributionMethodAdHoc: 0x7fe671c6bd70>', team='<IDEProvisioningDisambiguatableBasicTeam: 0x7fe6739769a0; teamID='3A8D29N838', teamName='Caspar Bruce', teamType='(null)', username='(null)', isFreeProvisioningTeam='0'>'>
	<IDEDistributionProcessingPipelineContext: 0x7fe68b4c63e0; archive = '<IDEArchive: 0x7fe68b458e20>', distributionMethod='<IDEDistributionMethodAdHoc: 0x7fe671c6bd70>', team='<IDEProvisioningDisambiguatableBasicTeam: 0x7fe6739769a0; teamID='3A8D29N838', teamName='Caspar Bruce', teamType='(null)', username='(null)', isFreeProvisioningTeam='0'>'>
	<IDEDistributionContext: 0x7fe687f65490; archive = '<IDEArchive: 0x7fe68b458e20>', distributionMethod='<IDEDistributionMethodAdHoc: 0x7fe671c6bd70>', team='<IDEProvisioningDisambiguatableBasicTeam: 0x7fe6739769a0; teamID='3A8D29N838', teamName='Caspar Bruce', teamType='(null)', username='(null)', isFreeProvisioningTeam='0'>'>
	<IDEDistributionContext: 0x7fe68b4bddb0; archive = '<IDEArchive: 0x7fe68b458e20>', distributionMethod='<IDEDistributionMethodAdHoc: 0x7fe671c6bd70>', team='<IDEProvisioningDisambiguatableBasicTeam: 0x7fe6739769a0; teamID='3A8D29N838', teamName='Caspar Bruce', teamType='(null)', username='(null)', isFreeProvisioningTeam='0'>'>
	<IDEDistributionContext: 0x7fe67fa3b440; archive = '<IDEArchive: 0x7fe68b458e20>', distributionMethod='<IDEDistributionMethodAdHoc: 0x7fe671c6bd70>', team='<IDEProvisioningDisambiguatableBasicTeam: 0x7fe6739769a0; teamID='3A8D29N838', teamName='Caspar Bruce', teamType='(null)', username='(null)', isFreeProvisioningTeam='0'>'>
	<IDEDistributionContext: 0x7fe68a3eb570; archive = '<IDEArchive: 0x7fe68b458e20>', distributionMethod='<IDEDistributionMethodAdHoc: 0x7fe671c6bd70>', team='<IDEProvisioningDisambiguatableBasicTeam: 0x7fe6739769a0; teamID='3A8D29N838', teamName='Caspar Bruce', teamType='(null)', username='(null)', isFreeProvisioningTeam='0'>'>
	<IDEDistributionContext: 0x7fe6877249a0; archive = '<IDEArchive: 0x7fe68b458e20>', distributionMethod='<IDEDistributionMethodAdHoc: 0x7fe671c6bd70>', team='<IDEProvisioningDisambiguatableBasicTeam: 0x7fe6739769a0; teamID='3A8D29N838', teamName='Caspar Bruce', teamType='(null)', username='(null)', isFreeProvisioningTeam='0'>'>
	<IDEDistributionContext: 0x7fe68689cfc0; archive = '<IDEArchive: 0x7fe68b458e20>', distributionMethod='<IDEDistributionMethodAdHoc: 0x7fe671c6bd70>', team='<IDEProvisioningDisambiguatableBasicTeam: 0x7fe6739769a0; teamID='3A8D29N838', teamName='Caspar Bruce', teamType='(null)', username='(null)', isFreeProvisioningTeam='0'>'>
	<IDEDistributionContext: 0x7fe687b565b0; archive = '<IDEArchive: 0x7fe68b458e20>', distributionMethod='<IDEDistributionMethodAdHoc: 0x7fe671c6bd70>', team='<IDEProvisioningDisambiguatableBasicTeam: 0x7fe6739769a0; teamID='3A8D29N838', teamName='Caspar Bruce', teamType='(null)', username='(null)', isFreeProvisioningTeam='0'>'>
	<IDEDistributionContext: 0x7fe687b5cfb0; archive = '<IDEArchive: 0x7fe68b458e20>', distributionMethod='<IDEDistributionMethodAdHoc: 0x7fe671c6bd70>', team='(null)'>
	<IDEDistributionContext: 0x7fe68b4d6790; archive = '<IDEArchive: 0x7fe68b458e20>', distributionMethod='<IDEDistributionMethodAdHoc: 0x7fe671c6bd70>', team='(null)'>
	<IDEDistributionContext: 0x7fe68d853cd0; archive = '<IDEArchive: 0x7fe68b458e20>', distributionMethod='(null)', team='(null)'>
</IDEDistributionProcessingPipelineContext: 0x7fe687ddb2e0>
2019-07-13 10:28:53 +0000  Processing step: IDEDistributionCreateDestRootStep
2019-07-13 10:28:53 +0000  Processing step: IDEDistributionCopyItemStep
2019-07-13 10:28:53 +0000  Running /usr/bin/ditto '-V' '/Users/zhangbenchao/Library/Developer/Xcode/Archives/2019-07-13/SSKJ 2019-7-13, 6.23 PM.xcarchive/Products/Applications/SSKJ.app' '/var/folders/sq/hr48_yzn7k36b12dsw8tlhx80000gn/T/XcodeDistPipeline.~~~hw2HqU/Root/Payload/SSKJ.app'
2019-07-13 10:28:53 +0000  >>> Copying /Users/zhangbenchao/Library/Developer/Xcode/Archives/2019-07-13/SSKJ 2019-7-13, 6.23 PM.xcarchive/Products/Applications/SSKJ.app 
2019-07-13 10:28:53 +0000  copying file ./FRCamrera.bundle/switch@3x.png ... 
2019-07-13 10:28:53 +0000  2241 bytes for ./FRCamrera.bundle/switch@3x.png
2019-07-13 10:28:53 +0000  copying file ./FRCamrera.bundle/shutter@2x.png ... 
2019-07-13 10:28:53 +0000  5037 bytes for ./FRCamrera.bundle/shutter@2x.png
copying file ./FRCamrera.bundle/lightauto@2x.png ... 
2019-07-13 10:28:53 +0000  989 bytes for ./FRCamrera.bundle/lightauto@2x.png
2019-07-13 10:28:53 +0000  copying file ./FRCamrera.bundle/lightauto@3x.png ... 
2019-07-13 10:28:53 +0000  1527 bytes for ./FRCamrera.bundle/lightauto@3x.png
2019-07-13 10:28:53 +0000  copying file ./FRCamrera.bundle/shutter@3x.png ... 
2019-07-13 10:28:53 +0000  8642 bytes for ./FRCamrera.bundle/shutter@3x.png
2019-07-13 10:28:53 +0000  copying file ./FRCamrera.bundle/switch@2x.png ... 
2019-07-13 10:28:53 +0000  1377 bytes for ./FRCamrera.bundle/switch@2x.png
2019-07-13 10:28:53 +0000  copying file ./FRCamrera.bundle/lighton_h@3x.png ... 
2019-07-13 10:28:53 +0000  1481 bytes for ./FRCamrera.bundle/lighton_h@3x.png
2019-07-13 10:28:53 +0000  copying file ./FRCamrera.bundle/lightoff_h@3x.png ... 
2019-07-13 10:28:53 +0000  1631 bytes for ./FRCamrera.bundle/lightoff_h@3x.png
2019-07-13 10:28:53 +0000  copying file ./FRCamrera.bundle/lightoff_h@2x.png ... 
2019-07-13 10:28:53 +0000  1102 bytes for ./FRCamrera.bundle/lightoff_h@2x.png
2019-07-13 10:28:53 +0000  copying file ./FRCamrera.bundle/lighton_h@2x.png ... 
2019-07-13 10:28:53 +0000  983 bytes for ./FRCamrera.bundle/lighton_h@2x.png
2019-07-13 10:28:53 +0000  copying file ./FRCamrera.bundle/lighton@2x.png ... 
2019-07-13 10:28:53 +0000  734 bytes for ./FRCamrera.bundle/lighton@2x.png
2019-07-13 10:28:53 +0000  copying file ./FRCamrera.bundle/lighton@3x.png ... 
2019-07-13 10:28:53 +0000  1028 bytes for ./FRCamrera.bundle/lighton@3x.png
2019-07-13 10:28:53 +0000  copying file ./FRCamrera.bundle/switch_h@3x.png ... 
2019-07-13 10:28:53 +0000  2481 bytes for ./FRCamrera.bundle/switch_h@3x.png
2019-07-13 10:28:53 +0000  copying file ./FRCamrera.bundle/lightoff@2x.png ... 
2019-07-13 10:28:53 +0000  819 bytes for ./FRCamrera.bundle/lightoff@2x.png
2019-07-13 10:28:53 +0000  copying file ./FRCamrera.bundle/shutter_h@2x.png ... 
2019-07-13 10:28:53 +0000  5436 bytes for ./FRCamrera.bundle/shutter_h@2x.png
2019-07-13 10:28:53 +0000  copying file ./FRCamrera.bundle/lightauto_h@2x.png ... 
2019-07-13 10:28:53 +0000  1318 bytes for ./FRCamrera.bundle/lightauto_h@2x.png
2019-07-13 10:28:53 +0000  copying file ./FRCamrera.bundle/lightauto_h@3x.png ... 
2019-07-13 10:28:53 +0000  1985 bytes for ./FRCamrera.bundle/lightauto_h@3x.png
copying file ./FRCamrera.bundle/shutter_h@3x.png ... 
2019-07-13 10:28:53 +0000  8882 bytes for ./FRCamrera.bundle/shutter_h@3x.png
2019-07-13 10:28:53 +0000  copying file ./FRCamrera.bundle/lightoff@3x.png ... 
2019-07-13 10:28:53 +0000  1168 bytes for ./FRCamrera.bundle/lightoff@3x.png
2019-07-13 10:28:53 +0000  copying file ./FRCamrera.bundle/switch_h@2x.png ... 
2019-07-13 10:28:53 +0000  1592 bytes for ./FRCamrera.bundle/switch_h@2x.png
2019-07-13 10:28:53 +0000  copying file ./_CodeSignature/CodeResources ... 
2019-07-13 10:28:53 +0000  27836 bytes for ./_CodeSignature/CodeResources
2019-07-13 10:28:53 +0000  copying file ./CXTableViewCell.nib ... 
2019-07-13 10:28:53 +0000  4134 bytes for ./CXTableViewCell.nib
2019-07-13 10:28:53 +0000  copying file ./zh-Hans.lproj/LaunchScreen.strings ... 
2019-07-13 10:28:53 +0000  1 bytes for ./zh-Hans.lproj/LaunchScreen.strings
2019-07-13 10:28:53 +0000  copying file ./zh-Hans.lproj/Main.strings ... 
2019-07-13 10:28:53 +0000  1 bytes for ./zh-Hans.lproj/Main.strings
2019-07-13 10:28:53 +0000  copying file ./zh-Hans.lproj/Localizable.strings ... 
2019-07-13 10:28:53 +0000  50 bytes for ./zh-Hans.lproj/Localizable.strings
2019-07-13 10:28:53 +0000  copying file ./LaunchImage-1100-Portrait-2436h@3x.png ... 
2019-07-13 10:28:53 +0000  875585 bytes for ./LaunchImage-1100-Portrait-2436h@3x.png
copying file ./FBCToBuyTableViewCell.nib ... 
2019-07-13 10:28:53 +0000  5924 bytes for ./FBCToBuyTableViewCell.nib
2019-07-13 10:28:53 +0000  copying file ./AppIcon20x20@2x.png ... 
2019-07-13 10:28:53 +0000  2017 bytes for ./AppIcon20x20@2x.png
2019-07-13 10:28:53 +0000  copying file ./en.lproj/Localizable.strings ... 
2019-07-13 10:28:53 +0000  42 bytes for ./en.lproj/Localizable.strings
2019-07-13 10:28:53 +0000  copying file ./BecameShopAlertVcViewController.nib ... 
2019-07-13 10:28:53 +0000  3415 bytes for ./BecameShopAlertVcViewController.nib
copying file ./AppIcon20x20@3x.png ... 
2019-07-13 10:28:53 +0000  3483 bytes for ./AppIcon20x20@3x.png
copying file ./OrderBuyViewController.nib ... 
2019-07-13 10:28:53 +0000  7719 bytes for ./OrderBuyViewController.nib
2019-07-13 10:28:53 +0000  copying file ./MJRefresh.bundle/zh-Hans.lproj/Localizable.strings ... 
2019-07-13 10:28:53 +0000  1196 bytes for ./MJRefresh.bundle/zh-Hans.lproj/Localizable.strings
2019-07-13 10:28:53 +0000  copying file ./MJRefresh.bundle/en.lproj/Localizable.strings ... 
2019-07-13 10:28:53 +0000  691 bytes for ./MJRefresh.bundle/en.lproj/Localizable.strings
2019-07-13 10:28:53 +0000  copying file ./MJRefresh.bundle/arrow@2x.png ... 
2019-07-13 10:28:53 +0000  1033 bytes for ./MJRefresh.bundle/arrow@2x.png
2019-07-13 10:28:53 +0000  copying file ./MJRefresh.bundle/zh-Hant.lproj/Localizable.strings ... 
2019-07-13 10:28:53 +0000  773 bytes for ./MJRefresh.bundle/zh-Hant.lproj/Localizable.strings
2019-07-13 10:28:53 +0000  copying file ./AppIcon60x60@2x.png ... 
2019-07-13 10:28:53 +0000  8424 bytes for ./AppIcon60x60@2x.png
2019-07-13 10:28:53 +0000  copying file ./IQKeyboardManager.bundle/IQButtonBarArrowRight@2x.png ... 
2019-07-13 10:28:53 +0000  1786 bytes for ./IQKeyboardManager.bundle/IQButtonBarArrowRight@2x.png
copying file ./IQKeyboardManager.bundle/IQButtonBarArrowUp@3x.png ... 
2019-07-13 10:28:53 +0000  2164 bytes for ./IQKeyboardManager.bundle/IQButtonBarArrowUp@3x.png
copying file ./IQKeyboardManager.bundle/IQButtonBarArrowUp@2x.png ... 
2019-07-13 10:28:53 +0000  1769 bytes for ./IQKeyboardManager.bundle/IQButtonBarArrowUp@2x.png
2019-07-13 10:28:53 +0000  copying file ./IQKeyboardManager.bundle/IQButtonBarArrowRight@3x.png ... 
2019-07-13 10:28:53 +0000  1844 bytes for ./IQKeyboardManager.bundle/IQButtonBarArrowRight@3x.png
2019-07-13 10:28:53 +0000  copying file ./IQKeyboardManager.bundle/IQButtonBarArrowLeft@3x.png ... 
2019-07-13 10:28:53 +0000  1815 bytes for ./IQKeyboardManager.bundle/IQButtonBarArrowLeft@3x.png
2019-07-13 10:28:53 +0000  copying file ./IQKeyboardManager.bundle/IQButtonBarArrowDown@3x.png ... 
2019-07-13 10:28:53 +0000  2177 bytes for ./IQKeyboardManager.bundle/IQButtonBarArrowDown@3x.png
copying file ./IQKeyboardManager.bundle/IQButtonBarArrowDown@2x.png ... 
2019-07-13 10:28:53 +0000  1764 bytes for ./IQKeyboardManager.bundle/IQButtonBarArrowDown@2x.png
2019-07-13 10:28:53 +0000  copying file ./IQKeyboardManager.bundle/IQButtonBarArrowLeft@2x.png ... 
2019-07-13 10:28:53 +0000  1793 bytes for ./IQKeyboardManager.bundle/IQButtonBarArrowLeft@2x.png
2019-07-13 10:28:53 +0000  copying file ./BLPopVerView.nib ... 
2019-07-13 10:28:53 +0000  6935 bytes for ./BLPopVerView.nib
copying file ./AppIcon29x29@2x.png ... 
2019-07-13 10:28:53 +0000  3546 bytes for ./AppIcon29x29@2x.png
copying file ./SSKJ ... 
2019-07-13 10:28:53 +0000  11919424 bytes for ./SSKJ
2019-07-13 10:28:53 +0000  copying file ./LaunchImage-800-667h@2x.png ... 
2019-07-13 10:28:53 +0000  312905 bytes for ./LaunchImage-800-667h@2x.png
copying file ./AppIcon40x40@3x.png ... 
2019-07-13 10:28:53 +0000  8424 bytes for ./AppIcon40x40@3x.png
2019-07-13 10:28:53 +0000  copying file ./EnsureSellViewController.nib ... 
2019-07-13 10:28:53 +0000  4409 bytes for ./EnsureSellViewController.nib
copying file ./GoogleCodeVC.nib ... 
2019-07-13 10:28:53 +0000  3965 bytes for ./GoogleCodeVC.nib
2019-07-13 10:28:53 +0000  copying file ./FBCCancellViewController.nib ... 
2019-07-13 10:28:53 +0000  4481 bytes for ./FBCCancellViewController.nib
copying file ./AppIcon40x40@2x.png ... 
2019-07-13 10:28:53 +0000  5550 bytes for ./AppIcon40x40@2x.png
2019-07-13 10:28:53 +0000  copying file ./loading.gif ... 
2019-07-13 10:28:53 +0000  9911 bytes for ./loading.gif
2019-07-13 10:28:53 +0000  copying file ./LaunchImage-1200-Portrait-2688h@3x.png ... 
2019-07-13 10:28:53 +0000  1046591 bytes for ./LaunchImage-1200-Portrait-2688h@3x.png
copying file ./AppIcon29x29@3x.png ... 
2019-07-13 10:28:53 +0000  5923 bytes for ./AppIcon29x29@3x.png
copying file ./AppIcon60x60@3x.png ... 
2019-07-13 10:28:53 +0000  13116 bytes for ./AppIcon60x60@3x.png
2019-07-13 10:28:53 +0000  copying file ./Base.lproj/Main.storyboardc/UIViewController-BYZ-38-t0r.nib ... 
2019-07-13 10:28:53 +0000  916 bytes for ./Base.lproj/Main.storyboardc/UIViewController-BYZ-38-t0r.nib
copying file ./Base.lproj/Main.storyboardc/BYZ-38-t0r-view-8bC-Xf-vdC.nib ... 
2019-07-13 10:28:53 +0000  1985 bytes for ./Base.lproj/Main.storyboardc/BYZ-38-t0r-view-8bC-Xf-vdC.nib
2019-07-13 10:28:53 +0000  copying file ./Base.lproj/Main.storyboardc/Info.plist ... 
2019-07-13 10:28:53 +0000  258 bytes for ./Base.lproj/Main.storyboardc/Info.plist
2019-07-13 10:28:53 +0000  copying file ./Base.lproj/LaunchScreen.storyboardc/01J-lp-oVM-view-Ze5-6b-2t3.nib ... 
2019-07-13 10:28:53 +0000  1997 bytes for ./Base.lproj/LaunchScreen.storyboardc/01J-lp-oVM-view-Ze5-6b-2t3.nib
2019-07-13 10:28:53 +0000  copying file ./Base.lproj/LaunchScreen.storyboardc/UIViewController-01J-lp-oVM.nib ... 
2019-07-13 10:28:53 +0000  832 bytes for ./Base.lproj/LaunchScreen.storyboardc/UIViewController-01J-lp-oVM.nib
2019-07-13 10:28:53 +0000  copying file ./Base.lproj/LaunchScreen.storyboardc/Info.plist ... 
2019-07-13 10:28:53 +0000  258 bytes for ./Base.lproj/LaunchScreen.storyboardc/Info.plist
2019-07-13 10:28:53 +0000  copying file ./GoogleCertificationVC.nib ... 
2019-07-13 10:28:53 +0000  5905 bytes for ./GoogleCertificationVC.nib
2019-07-13 10:28:53 +0000  copying file ./Address.plist ... 
2019-07-13 10:28:53 +0000  38718 bytes for ./Address.plist
2019-07-13 10:28:53 +0000  copying file ./FBShensuViewController.nib ... 
2019-07-13 10:28:53 +0000  5375 bytes for ./FBShensuViewController.nib
2019-07-13 10:28:53 +0000  copying file ./Assets.car ... 
2019-07-13 10:28:53 +0000  9635016 bytes for ./Assets.car
copying file ./MoneyChaned_TableViewCell.nib ... 
2019-07-13 10:28:53 +0000  4141 bytes for ./MoneyChaned_TableViewCell.nib
2019-07-13 10:28:53 +0000  copying file ./LaunchImage-800-Portrait-736h@3x.png ... 
2019-07-13 10:28:53 +0000  789125 bytes for ./LaunchImage-800-Portrait-736h@3x.png
2019-07-13 10:28:53 +0000  copying file ./launch_home.gif ... 
2019-07-13 10:28:53 +0000  51031 bytes for ./launch_home.gif
copying file ./BLSafeCenterCell.nib ... 
2019-07-13 10:28:53 +0000  3571 bytes for ./BLSafeCenterCell.nib
copying file ./LaunchImage-700@2x.png ... 
2019-07-13 10:28:53 +0000  289532 bytes for ./LaunchImage-700@2x.png
2019-07-13 10:28:53 +0000  copying file ./LaunchImage-700-568h@2x.png ... 
2019-07-13 10:28:53 +0000  295359 bytes for ./LaunchImage-700-568h@2x.png
copying file ./LaunchImage-1200-Portrait-1792h@2x.png ... 
2019-07-13 10:28:53 +0000  521109 bytes for ./LaunchImage-1200-Portrait-1792h@2x.png
2019-07-13 10:28:53 +0000  copying file ./embedded.mobileprovision ... 
2019-07-13 10:28:53 +0000  7750 bytes for ./embedded.mobileprovision
copying file ./FBCGetBillViewController.nib ... 
2019-07-13 10:28:53 +0000  6143 bytes for ./FBCGetBillViewController.nib
copying file ./Info.plist ... 
2019-07-13 10:28:53 +0000  2132 bytes for ./Info.plist
copying file ./FBCRecodTableViewCell.nib ... 
2019-07-13 10:28:53 +0000  7147 bytes for ./FBCRecodTableViewCell.nib
copying file ./EAEGesterVC.nib ... 
2019-07-13 10:28:53 +0000  4620 bytes for ./EAEGesterVC.nib
copying file ./PkgInfo ... 
2019-07-13 10:28:53 +0000  8 bytes for ./PkgInfo
2019-07-13 10:28:53 +0000  copying file ./OrderInfomationViewController.nib ... 
2019-07-13 10:28:53 +0000  7814 bytes for ./OrderInfomationViewController.nib
2019-07-13 10:28:53 +0000  /usr/bin/ditto exited with 0
2019-07-13 10:28:53 +0000  Processing step: IDEDistributionEmbedProfileStep
2019-07-13 10:28:53 +0000  Processing step: IDEDistributionAppThinningPlistStep
2019-07-13 10:28:53 +0000  Skipping step: IDEDistributionAppThinningPlistStep because it said so
2019-07-13 10:28:53 +0000  Processing step: IDEDistributionCompileBitcodeStep
2019-07-13 10:28:53 +0000  Skipping step: IDEDistributionCompileBitcodeStep because it said so
2019-07-13 10:28:53 +0000  Processing step: IDEDistributionCodeSlimmingStep
2019-07-13 10:28:53 +0000  Processing step: IDEDistributionCopyBCSymbolMapsStep
2019-07-13 10:28:53 +0000  Skipping step: IDEDistributionCopyBCSymbolMapsStep because it said so
2019-07-13 10:28:53 +0000  Processing step: IDEDistributionSymbolsStep
2019-07-13 10:28:53 +0000  Skipping step: IDEDistributionSymbolsStep because it said so
2019-07-13 10:28:53 +0000  Processing step: IDEDistributionAppThinningStep
2019-07-13 10:28:53 +0000  Skipping step: IDEDistributionAppThinningStep because it said so
2019-07-13 10:28:53 +0000  Processing step: IDEDistributionArchThinningStep
2019-07-13 10:28:53 +0000  Running /Applications/Xcode.app/Contents/Developer/Toolchains/XcodeDefault.xctoolchain/usr/bin/lipo '/var/folders/sq/hr48_yzn7k36b12dsw8tlhx80000gn/T/XcodeDistPipeline.~~~hw2HqU/Root/Payload/SSKJ.app/SSKJ' '-verify_arch' 'arm64e'
2019-07-13 10:28:53 +0000  /Applications/Xcode.app/Contents/Developer/Toolchains/XcodeDefault.xctoolchain/usr/bin/lipo exited with 1
2019-07-13 10:28:53 +0000  Skipping architecture thinning for item "SSKJ" because arch "arm64e" wasn't found
2019-07-13 10:28:53 +0000  Processing step: IDEDistributionODRStep
2019-07-13 10:28:53 +0000  Processing step: IDEDistributionStripXattrsStep
2019-07-13 10:28:53 +0000  Running /usr/bin/xattr '-crs' '/var/folders/sq/hr48_yzn7k36b12dsw8tlhx80000gn/T/XcodeDistPipeline.~~~hw2HqU/Root/Payload/SSKJ.app'
2019-07-13 10:28:53 +0000  /usr/bin/xattr exited with 0
2019-07-13 10:28:53 +0000  Processing step: IDEDistributionCodesignStep
2019-07-13 10:28:53 +0000  Entitlements for <IDEDistributionItem: 0x7fe687a45910 'com.ABSuperShop.soft' '<DVTFilePath:0x7fe68b34df90:'/Users/zhangbenchao/Library/Developer/Xcode/Archives/2019-07-13/SSKJ 2019-7-13, 6.23 PM.xcarchive/Products/Applications/SSKJ.app'>'>: {
    "application-identifier" = "3A8D29N838.com.ABSuperShop.soft";
    "com.apple.developer.team-identifier" = 3A8D29N838;
    "get-task-allow" = 0;
    "keychain-access-groups" =     (
        "3A8D29N838.com.ABSuperShop.soft"
    );
}
2019-07-13 10:28:53 +0000  Writing entitlements for <IDEDistributionItem: 0x7fe687a45910 'com.ABSuperShop.soft' '<DVTFilePath:0x7fe68b34df90:'/Users/zhangbenchao/Library/Developer/Xcode/Archives/2019-07-13/SSKJ 2019-7-13, 6.23 PM.xcarchive/Products/Applications/SSKJ.app'>'> to: /var/folders/sq/hr48_yzn7k36b12dsw8tlhx80000gn/T/XcodeDistPipeline.~~~hw2HqU/entitlements~~~maTQGC
2019-07-13 10:28:53 +0000  Running /usr/bin/codesign '-vvv' '--force' '--sign' '5A933B898AE72E3A35C3FC2A460E9C4B4911F10E' '--entitlements' '/var/folders/sq/hr48_yzn7k36b12dsw8tlhx80000gn/T/XcodeDistPipeline.~~~hw2HqU/entitlements~~~maTQGC' '--preserve-metadata=identifier,flags,runtime' '/var/folders/sq/hr48_yzn7k36b12dsw8tlhx80000gn/T/XcodeDistPipeline.~~~hw2HqU/Root/Payload/SSKJ.app'
2019-07-13 10:28:53 +0000  /var/folders/sq/hr48_yzn7k36b12dsw8tlhx80000gn/T/XcodeDistPipeline.~~~hw2HqU/Root/Payload/SSKJ.app: replacing existing signature
2019-07-13 10:28:54 +0000  /var/folders/sq/hr48_yzn7k36b12dsw8tlhx80000gn/T/XcodeDistPipeline.~~~hw2HqU/Root/Payload/SSKJ.app: signed app bundle with Mach-O universal (armv7 arm64) [com.ABSuperShop.soft]
2019-07-13 10:28:54 +0000  /usr/bin/codesign exited with 0
2019-07-13 10:28:54 +0000  Processing step: IDEDistributionZipODRItemStep
2019-07-13 10:28:54 +0000  Skipping step: IDEDistributionZipODRItemStep because it said so
2019-07-13 10:28:54 +0000  Processing step: IDEDistributionCreateIPAStep
2019-07-13 10:28:54 +0000  Running /usr/bin/ditto '-V' '-c' '-k' '--norsrc' '/var/folders/sq/hr48_yzn7k36b12dsw8tlhx80000gn/T/XcodeDistPipeline.~~~hw2HqU/Root' '/var/folders/sq/hr48_yzn7k36b12dsw8tlhx80000gn/T/XcodeDistPipeline.~~~hw2HqU/Packages/SSKJ.ipa'
2019-07-13 10:28:54 +0000  >>> Copying /var/folders/sq/hr48_yzn7k36b12dsw8tlhx80000gn/T/XcodeDistPipeline.~~~hw2HqU/Root 
2019-07-13 10:28:54 +0000  copying file ./Payload/SSKJ.app/FRCamrera.bundle/switch@3x.png ... 
2019-07-13 10:28:54 +0000  2241 bytes for ./Payload/SSKJ.app/FRCamrera.bundle/switch@3x.png
copying file ./Payload/SSKJ.app/FRCamrera.bundle/shutter@2x.png ... 
2019-07-13 10:28:54 +0000  5037 bytes for ./Payload/SSKJ.app/FRCamrera.bundle/shutter@2x.png
copying file ./Payload/SSKJ.app/FRCamrera.bundle/lightauto@2x.png ... 
2019-07-13 10:28:54 +0000  989 bytes for ./Payload/SSKJ.app/FRCamrera.bundle/lightauto@2x.png
copying file ./Payload/SSKJ.app/FRCamrera.bundle/lightauto@3x.png ... 
2019-07-13 10:28:54 +0000  1527 bytes for ./Payload/SSKJ.app/FRCamrera.bundle/lightauto@3x.png
copying file ./Payload/SSKJ.app/FRCamrera.bundle/shutter@3x.png ... 
2019-07-13 10:28:54 +0000  8642 bytes for ./Payload/SSKJ.app/FRCamrera.bundle/shutter@3x.png
copying file ./Payload/SSKJ.app/FRCamrera.bundle/switch@2x.png ... 
2019-07-13 10:28:54 +0000  1377 bytes for ./Payload/SSKJ.app/FRCamrera.bundle/switch@2x.png
copying file ./Payload/SSKJ.app/FRCamrera.bundle/lighton_h@3x.png ... 
2019-07-13 10:28:54 +0000  1481 bytes for ./Payload/SSKJ.app/FRCamrera.bundle/lighton_h@3x.png
2019-07-13 10:28:54 +0000  copying file ./Payload/SSKJ.app/FRCamrera.bundle/lightoff_h@3x.png ... 
2019-07-13 10:28:54 +0000  1631 bytes for ./Payload/SSKJ.app/FRCamrera.bundle/lightoff_h@3x.png
copying file ./Payload/SSKJ.app/FRCamrera.bundle/lightoff_h@2x.png ... 
2019-07-13 10:28:54 +0000  1102 bytes for ./Payload/SSKJ.app/FRCamrera.bundle/lightoff_h@2x.png
copying file ./Payload/SSKJ.app/FRCamrera.bundle/lighton_h@2x.png ... 
2019-07-13 10:28:54 +0000  983 bytes for ./Payload/SSKJ.app/FRCamrera.bundle/lighton_h@2x.png
2019-07-13 10:28:54 +0000  copying file ./Payload/SSKJ.app/FRCamrera.bundle/lighton@2x.png ... 
2019-07-13 10:28:54 +0000  734 bytes for ./Payload/SSKJ.app/FRCamrera.bundle/lighton@2x.png
copying file ./Payload/SSKJ.app/FRCamrera.bundle/lighton@3x.png ... 
2019-07-13 10:28:54 +0000  1028 bytes for ./Payload/SSKJ.app/FRCamrera.bundle/lighton@3x.png
copying file ./Payload/SSKJ.app/FRCamrera.bundle/switch_h@3x.png ... 
2019-07-13 10:28:54 +0000  2481 bytes for ./Payload/SSKJ.app/FRCamrera.bundle/switch_h@3x.png
copying file ./Payload/SSKJ.app/FRCamrera.bundle/lightoff@2x.png ... 
2019-07-13 10:28:54 +0000  819 bytes for ./Payload/SSKJ.app/FRCamrera.bundle/lightoff@2x.png
copying file ./Payload/SSKJ.app/FRCamrera.bundle/shutter_h@2x.png ... 
2019-07-13 10:28:54 +0000  5436 bytes for ./Payload/SSKJ.app/FRCamrera.bundle/shutter_h@2x.png
copying file ./Payload/SSKJ.app/FRCamrera.bundle/lightauto_h@2x.png ... 
2019-07-13 10:28:54 +0000  1318 bytes for ./Payload/SSKJ.app/FRCamrera.bundle/lightauto_h@2x.png
copying file ./Payload/SSKJ.app/FRCamrera.bundle/lightauto_h@3x.png ... 
2019-07-13 10:28:54 +0000  1985 bytes for ./Payload/SSKJ.app/FRCamrera.bundle/lightauto_h@3x.png
copying file ./Payload/SSKJ.app/FRCamrera.bundle/shutter_h@3x.png ... 
2019-07-13 10:28:54 +0000  8882 bytes for ./Payload/SSKJ.app/FRCamrera.bundle/shutter_h@3x.png
copying file ./Payload/SSKJ.app/FRCamrera.bundle/lightoff@3x.png ... 
2019-07-13 10:28:54 +0000  1168 bytes for ./Payload/SSKJ.app/FRCamrera.bundle/lightoff@3x.png
2019-07-13 10:28:54 +0000  copying file ./Payload/SSKJ.app/FRCamrera.bundle/switch_h@2x.png ... 
2019-07-13 10:28:54 +0000  1592 bytes for ./Payload/SSKJ.app/FRCamrera.bundle/switch_h@2x.png
copying file ./Payload/SSKJ.app/_CodeSignature/CodeResources ... 
2019-07-13 10:28:54 +0000  27836 bytes for ./Payload/SSKJ.app/_CodeSignature/CodeResources
2019-07-13 10:28:54 +0000  copying file ./Payload/SSKJ.app/CXTableViewCell.nib ... 
2019-07-13 10:28:54 +0000  4134 bytes for ./Payload/SSKJ.app/CXTableViewCell.nib
2019-07-13 10:28:54 +0000  copying file ./Payload/SSKJ.app/zh-Hans.lproj/LaunchScreen.strings ... 
2019-07-13 10:28:54 +0000  1 bytes for ./Payload/SSKJ.app/zh-Hans.lproj/LaunchScreen.strings
copying file ./Payload/SSKJ.app/zh-Hans.lproj/Main.strings ... 
2019-07-13 10:28:54 +0000  1 bytes for ./Payload/SSKJ.app/zh-Hans.lproj/Main.strings
copying file ./Payload/SSKJ.app/zh-Hans.lproj/Localizable.strings ... 
2019-07-13 10:28:54 +0000  50 bytes for ./Payload/SSKJ.app/zh-Hans.lproj/Localizable.strings
copying file ./Payload/SSKJ.app/LaunchImage-1100-Portrait-2436h@3x.png ... 
2019-07-13 10:28:54 +0000  875585 bytes for ./Payload/SSKJ.app/LaunchImage-1100-Portrait-2436h@3x.png
copying file ./Payload/SSKJ.app/FBCToBuyTableViewCell.nib ... 
2019-07-13 10:28:54 +0000  5924 bytes for ./Payload/SSKJ.app/FBCToBuyTableViewCell.nib
copying file ./Payload/SSKJ.app/AppIcon20x20@2x.png ... 
2019-07-13 10:28:54 +0000  2017 bytes for ./Payload/SSKJ.app/AppIcon20x20@2x.png
2019-07-13 10:28:54 +0000  copying file ./Payload/SSKJ.app/en.lproj/Localizable.strings ... 
2019-07-13 10:28:54 +0000  42 bytes for ./Payload/SSKJ.app/en.lproj/Localizable.strings
copying file ./Payload/SSKJ.app/BecameShopAlertVcViewController.nib ... 
2019-07-13 10:28:54 +0000  3415 bytes for ./Payload/SSKJ.app/BecameShopAlertVcViewController.nib
copying file ./Payload/SSKJ.app/AppIcon20x20@3x.png ... 
2019-07-13 10:28:54 +0000  3483 bytes for ./Payload/SSKJ.app/AppIcon20x20@3x.png
copying file ./Payload/SSKJ.app/OrderBuyViewController.nib ... 
2019-07-13 10:28:54 +0000  7719 bytes for ./Payload/SSKJ.app/OrderBuyViewController.nib
2019-07-13 10:28:54 +0000  copying file ./Payload/SSKJ.app/MJRefresh.bundle/zh-Hans.lproj/Localizable.strings ... 
2019-07-13 10:28:54 +0000  1196 bytes for ./Payload/SSKJ.app/MJRefresh.bundle/zh-Hans.lproj/Localizable.strings
2019-07-13 10:28:54 +0000  copying file ./Payload/SSKJ.app/MJRefresh.bundle/en.lproj/Localizable.strings ... 
2019-07-13 10:28:54 +0000  691 bytes for ./Payload/SSKJ.app/MJRefresh.bundle/en.lproj/Localizable.strings
2019-07-13 10:28:54 +0000  copying file ./Payload/SSKJ.app/MJRefresh.bundle/arrow@2x.png ... 
2019-07-13 10:28:54 +0000  1033 bytes for ./Payload/SSKJ.app/MJRefresh.bundle/arrow@2x.png
2019-07-13 10:28:54 +0000  copying file ./Payload/SSKJ.app/MJRefresh.bundle/zh-Hant.lproj/Localizable.strings ... 
2019-07-13 10:28:54 +0000  773 bytes for ./Payload/SSKJ.app/MJRefresh.bundle/zh-Hant.lproj/Localizable.strings
copying file ./Payload/SSKJ.app/AppIcon60x60@2x.png ... 
2019-07-13 10:28:54 +0000  8424 bytes for ./Payload/SSKJ.app/AppIcon60x60@2x.png
2019-07-13 10:28:54 +0000  copying file ./Payload/SSKJ.app/IQKeyboardManager.bundle/IQButtonBarArrowRight@2x.png ... 
2019-07-13 10:28:54 +0000  1786 bytes for ./Payload/SSKJ.app/IQKeyboardManager.bundle/IQButtonBarArrowRight@2x.png
copying file ./Payload/SSKJ.app/IQKeyboardManager.bundle/IQButtonBarArrowUp@3x.png ... 
2019-07-13 10:28:54 +0000  2164 bytes for ./Payload/SSKJ.app/IQKeyboardManager.bundle/IQButtonBarArrowUp@3x.png
copying file ./Payload/SSKJ.app/IQKeyboardManager.bundle/IQButtonBarArrowUp@2x.png ... 
2019-07-13 10:28:54 +0000  1769 bytes for ./Payload/SSKJ.app/IQKeyboardManager.bundle/IQButtonBarArrowUp@2x.png
copying file ./Payload/SSKJ.app/IQKeyboardManager.bundle/IQButtonBarArrowRight@3x.png ... 
2019-07-13 10:28:54 +0000  1844 bytes for ./Payload/SSKJ.app/IQKeyboardManager.bundle/IQButtonBarArrowRight@3x.png
2019-07-13 10:28:54 +0000  copying file ./Payload/SSKJ.app/IQKeyboardManager.bundle/IQButtonBarArrowLeft@3x.png ... 
2019-07-13 10:28:54 +0000  1815 bytes for ./Payload/SSKJ.app/IQKeyboardManager.bundle/IQButtonBarArrowLeft@3x.png
2019-07-13 10:28:54 +0000  copying file ./Payload/SSKJ.app/IQKeyboardManager.bundle/IQButtonBarArrowDown@3x.png ... 
2019-07-13 10:28:54 +0000  2177 bytes for ./Payload/SSKJ.app/IQKeyboardManager.bundle/IQButtonBarArrowDown@3x.png
copying file ./Payload/SSKJ.app/IQKeyboardManager.bundle/IQButtonBarArrowDown@2x.png ... 
2019-07-13 10:28:54 +0000  1764 bytes for ./Payload/SSKJ.app/IQKeyboardManager.bundle/IQButtonBarArrowDown@2x.png
copying file ./Payload/SSKJ.app/IQKeyboardManager.bundle/IQButtonBarArrowLeft@2x.png ... 
2019-07-13 10:28:54 +0000  1793 bytes for ./Payload/SSKJ.app/IQKeyboardManager.bundle/IQButtonBarArrowLeft@2x.png
copying file ./Payload/SSKJ.app/BLPopVerView.nib ... 
2019-07-13 10:28:54 +0000  6935 bytes for ./Payload/SSKJ.app/BLPopVerView.nib
copying file ./Payload/SSKJ.app/AppIcon29x29@2x.png ... 
2019-07-13 10:28:54 +0000  3546 bytes for ./Payload/SSKJ.app/AppIcon29x29@2x.png
copying file ./Payload/SSKJ.app/SSKJ ... 
2019-07-13 10:28:54 +0000  11919424 bytes for ./Payload/SSKJ.app/SSKJ
2019-07-13 10:28:54 +0000  copying file ./Payload/SSKJ.app/LaunchImage-800-667h@2x.png ... 
2019-07-13 10:28:54 +0000  312905 bytes for ./Payload/SSKJ.app/LaunchImage-800-667h@2x.png
copying file ./Payload/SSKJ.app/AppIcon40x40@3x.png ... 
2019-07-13 10:28:54 +0000  8424 bytes for ./Payload/SSKJ.app/AppIcon40x40@3x.png
copying file ./Payload/SSKJ.app/EnsureSellViewController.nib ... 
2019-07-13 10:28:54 +0000  4409 bytes for ./Payload/SSKJ.app/EnsureSellViewController.nib
copying file ./Payload/SSKJ.app/GoogleCodeVC.nib ... 
2019-07-13 10:28:54 +0000  3965 bytes for ./Payload/SSKJ.app/GoogleCodeVC.nib
copying file ./Payload/SSKJ.app/FBCCancellViewController.nib ... 
2019-07-13 10:28:54 +0000  4481 bytes for ./Payload/SSKJ.app/FBCCancellViewController.nib
copying file ./Payload/SSKJ.app/AppIcon40x40@2x.png ... 
2019-07-13 10:28:54 +0000  5550 bytes for ./Payload/SSKJ.app/AppIcon40x40@2x.png
copying file ./Payload/SSKJ.app/loading.gif ... 
2019-07-13 10:28:54 +0000  9911 bytes for ./Payload/SSKJ.app/loading.gif
copying file ./Payload/SSKJ.app/LaunchImage-1200-Portrait-2688h@3x.png ... 
2019-07-13 10:28:54 +0000  1046591 bytes for ./Payload/SSKJ.app/LaunchImage-1200-Portrait-2688h@3x.png
copying file ./Payload/SSKJ.app/AppIcon29x29@3x.png ... 
2019-07-13 10:28:54 +0000  5923 bytes for ./Payload/SSKJ.app/AppIcon29x29@3x.png
copying file ./Payload/SSKJ.app/AppIcon60x60@3x.png ... 
2019-07-13 10:28:54 +0000  13116 bytes for ./Payload/SSKJ.app/AppIcon60x60@3x.png
2019-07-13 10:28:54 +0000  copying file ./Payload/SSKJ.app/Base.lproj/Main.storyboardc/UIViewController-BYZ-38-t0r.nib ... 
2019-07-13 10:28:54 +0000  916 bytes for ./Payload/SSKJ.app/Base.lproj/Main.storyboardc/UIViewController-BYZ-38-t0r.nib
copying file ./Payload/SSKJ.app/Base.lproj/Main.storyboardc/BYZ-38-t0r-view-8bC-Xf-vdC.nib ... 
2019-07-13 10:28:54 +0000  1985 bytes for ./Payload/SSKJ.app/Base.lproj/Main.storyboardc/BYZ-38-t0r-view-8bC-Xf-vdC.nib
copying file ./Payload/SSKJ.app/Base.lproj/Main.storyboardc/Info.plist ... 
2019-07-13 10:28:54 +0000  258 bytes for ./Payload/SSKJ.app/Base.lproj/Main.storyboardc/Info.plist
2019-07-13 10:28:54 +0000  copying file ./Payload/SSKJ.app/Base.lproj/LaunchScreen.storyboardc/01J-lp-oVM-view-Ze5-6b-2t3.nib ... 
2019-07-13 10:28:54 +0000  1997 bytes for ./Payload/SSKJ.app/Base.lproj/LaunchScreen.storyboardc/01J-lp-oVM-view-Ze5-6b-2t3.nib
2019-07-13 10:28:54 +0000  copying file ./Payload/SSKJ.app/Base.lproj/LaunchScreen.storyboardc/UIViewController-01J-lp-oVM.nib ... 
2019-07-13 10:28:54 +0000  832 bytes for ./Payload/SSKJ.app/Base.lproj/LaunchScreen.storyboardc/UIViewController-01J-lp-oVM.nib
copying file ./Payload/SSKJ.app/Base.lproj/LaunchScreen.storyboardc/Info.plist ... 
2019-07-13 10:28:54 +0000  258 bytes for ./Payload/SSKJ.app/Base.lproj/LaunchScreen.storyboardc/Info.plist
copying file ./Payload/SSKJ.app/GoogleCertificationVC.nib ... 
2019-07-13 10:28:54 +0000  5905 bytes for ./Payload/SSKJ.app/GoogleCertificationVC.nib
copying file ./Payload/SSKJ.app/Address.plist ... 
2019-07-13 10:28:54 +0000  38718 bytes for ./Payload/SSKJ.app/Address.plist
copying file ./Payload/SSKJ.app/FBShensuViewController.nib ... 
2019-07-13 10:28:54 +0000  5375 bytes for ./Payload/SSKJ.app/FBShensuViewController.nib
copying file ./Payload/SSKJ.app/Assets.car ... 
2019-07-13 10:28:55 +0000  9635016 bytes for ./Payload/SSKJ.app/Assets.car
2019-07-13 10:28:55 +0000  copying file ./Payload/SSKJ.app/MoneyChaned_TableViewCell.nib ... 
2019-07-13 10:28:55 +0000  4141 bytes for ./Payload/SSKJ.app/MoneyChaned_TableViewCell.nib
copying file ./Payload/SSKJ.app/LaunchImage-800-Portrait-736h@3x.png ... 
2019-07-13 10:28:55 +0000  789125 bytes for ./Payload/SSKJ.app/LaunchImage-800-Portrait-736h@3x.png
2019-07-13 10:28:55 +0000  copying file ./Payload/SSKJ.app/launch_home.gif ... 
2019-07-13 10:28:55 +0000  51031 bytes for ./Payload/SSKJ.app/launch_home.gif
copying file ./Payload/SSKJ.app/BLSafeCenterCell.nib ... 
2019-07-13 10:28:55 +0000  3571 bytes for ./Payload/SSKJ.app/BLSafeCenterCell.nib
copying file ./Payload/SSKJ.app/LaunchImage-700@2x.png ... 
2019-07-13 10:28:55 +0000  289532 bytes for ./Payload/SSKJ.app/LaunchImage-700@2x.png
2019-07-13 10:28:55 +0000  copying file ./Payload/SSKJ.app/LaunchImage-700-568h@2x.png ... 
2019-07-13 10:28:55 +0000  295359 bytes for ./Payload/SSKJ.app/LaunchImage-700-568h@2x.png
2019-07-13 10:28:55 +0000  copying file ./Payload/SSKJ.app/LaunchImage-1200-Portrait-1792h@2x.png ... 
2019-07-13 10:28:55 +0000  521109 bytes for ./Payload/SSKJ.app/LaunchImage-1200-Portrait-1792h@2x.png
2019-07-13 10:28:55 +0000  copying file ./Payload/SSKJ.app/embedded.mobileprovision ... 
2019-07-13 10:28:55 +0000  7802 bytes for ./Payload/SSKJ.app/embedded.mobileprovision
2019-07-13 10:28:55 +0000  copying file ./Payload/SSKJ.app/FBCGetBillViewController.nib ... 
2019-07-13 10:28:55 +0000  6143 bytes for ./Payload/SSKJ.app/FBCGetBillViewController.nib
copying file ./Payload/SSKJ.app/Info.plist ... 
2019-07-13 10:28:55 +0000  2132 bytes for ./Payload/SSKJ.app/Info.plist
copying file ./Payload/SSKJ.app/FBCRecodTableViewCell.nib ... 
2019-07-13 10:28:55 +0000  7147 bytes for ./Payload/SSKJ.app/FBCRecodTableViewCell.nib
copying file ./Payload/SSKJ.app/EAEGesterVC.nib ... 
2019-07-13 10:28:55 +0000  4620 bytes for ./Payload/SSKJ.app/EAEGesterVC.nib
copying file ./Payload/SSKJ.app/PkgInfo ... 
2019-07-13 10:28:55 +0000  8 bytes for ./Payload/SSKJ.app/PkgInfo
copying file ./Payload/SSKJ.app/OrderInfomationViewController.nib ... 
2019-07-13 10:28:55 +0000  7814 bytes for ./Payload/SSKJ.app/OrderInfomationViewController.nib
2019-07-13 10:28:55 +0000  /usr/bin/ditto exited with 0
2019-07-13 10:28:55 +0000  Processing step: IDEDistributionAppStoreInformationStep
2019-07-13 10:28:55 +0000  Skipping step: IDEDistributionAppStoreInformationStep because it said so
2019-07-13 10:28:55 +0000  Processing step: IDEDistributionCreateManifestStep
